2025-10-03 11:15:04 [main] INFO  utils.Log - Initializing browser setup...
2025-10-03 11:15:04 [main] INFO  utils.Log - Launching Chrome browser...
2025-10-03 11:15:06 [main] INFO  utils.Log - Navigating to: https://seleniums.com/
2025-10-03 11:15:09 [main] INFO  utils.Log - Browser setup completed.
2025-10-03 11:15:09 [main] INFO  utils.Log - ====================== STARTING SCENARIO ======================
2025-10-03 11:15:09 [main] INFO  utils.Log - Scenario: Validate each section title after clicking sidebar links
2025-10-03 11:15:09 [main] INFO  utils.Log - Tags: @UI, @Testcase002
2025-10-03 11:15:09 [main] INFO  utils.Log - ===============================================================
2025-10-03 11:15:11 [main] INFO  utils.Log - Verified that the My Notes Tab is visible.
2025-10-03 11:15:13 [main] ERROR utils.Log - Scenario failed: Validate each section title after clicking sidebar links
2025-10-03 11:15:13 [main] INFO  utils.Log - Screenshot captured as Base64.
2025-10-03 11:15:13 [main] INFO  utils.Log - ====================== ENDING SCENARIO ======================
2025-10-03 11:15:13 [main] INFO  utils.Log - Scenario Status: FAILED
2025-10-03 11:15:13 [main] INFO  utils.Log - =============================================================
2025-10-03 11:15:13 [main] INFO  utils.Log - Tearing down the browser...
2025-10-03 11:15:14 [main] INFO  utils.Log - Browser teardown completed.
2025-10-03 11:15:14 [main] INFO  utils.Log - Initializing browser setup...
2025-10-03 11:15:14 [main] INFO  utils.Log - Launching Chrome browser...
2025-10-03 11:15:15 [main] INFO  utils.Log - Navigating to: https://seleniums.com/
2025-10-03 11:15:16 [main] INFO  utils.Log - Browser setup completed.
2025-10-03 11:15:16 [main] INFO  utils.Log - ====================== STARTING SCENARIO ======================
2025-10-03 11:15:16 [main] INFO  utils.Log - Scenario: Validate each section title after clicking sidebar links
2025-10-03 11:15:16 [main] INFO  utils.Log - Tags: @UI, @Testcase002
2025-10-03 11:15:16 [main] INFO  utils.Log - ===============================================================
2025-10-03 11:15:17 [main] INFO  utils.Log - Verified that the My Notes Tab is visible.
2025-10-03 11:15:20 [main] INFO  utils.Log - Clicked on Javalink
2025-10-03 11:15:20 [main] INFO  utils.Log - Scenario passed: Validate each section title after clicking sidebar links
2025-10-03 11:15:20 [main] INFO  utils.Log - ====================== ENDING SCENARIO ======================
2025-10-03 11:15:20 [main] INFO  utils.Log - Scenario Status: PASSED
2025-10-03 11:15:20 [main] INFO  utils.Log - =============================================================
2025-10-03 11:15:20 [main] INFO  utils.Log - Tearing down the browser...
2025-10-03 11:15:20 [main] INFO  utils.Log - Browser teardown completed.
2025-10-03 11:15:20 [main] INFO  utils.Log - Initializing browser setup...
2025-10-03 11:15:20 [main] INFO  utils.Log - Launching Chrome browser...
2025-10-03 11:15:22 [main] INFO  utils.Log - Navigating to: https://seleniums.com/
2025-10-03 11:15:23 [main] INFO  utils.Log - Browser setup completed.
2025-10-03 11:15:23 [main] INFO  utils.Log - ====================== STARTING SCENARIO ======================
2025-10-03 11:15:23 [main] INFO  utils.Log - Scenario: Validate each section title after clicking sidebar links
2025-10-03 11:15:23 [main] INFO  utils.Log - Tags: @UI, @Testcase002
2025-10-03 11:15:23 [main] INFO  utils.Log - ===============================================================
2025-10-03 11:15:23 [main] ERROR utils.Log - Scenario failed: Validate each section title after clicking sidebar links
2025-10-03 11:15:23 [main] ERROR utils.Log - Failed to capture Base64 screenshot.
org.openqa.selenium.WebDriverException: The driver server has unexpectedly died!
Build info: version: '4.27.0', revision: 'd6e718d134'
System info: os.name: 'Mac OS X', os.arch: 'aarch64', os.version: '26.0.1', java.version: '11.0.23'
Driver info: org.openqa.selenium.chrome.ChromeDriver
Command: [e00b713bce3dbe90540417c12523b375, screenshot {}]
Capabilities {acceptInsecureCerts: false, browserName: chrome, browserVersion: 140.0.7339.214, chrome: {chromedriverVersion: 140.0.7339.207 (17230b545fd..., userDataDir: /var/folders/q8/8nb85nm55zv...}, fedcm:accounts: true, goog:chromeOptions: {debuggerAddress: localhost:49739}, networkConnectionEnabled: false, pageLoadStrategy: normal, platformName: mac, proxy: Proxy(), se:cdp: ws://localhost:49739/devtoo..., se:cdpVersion: 140.0.7339.214, setWindowRect: true, strictFileInteractability: false, timeouts: {implicit: 0, pageLoad: 300000, script: 30000}, unhandledPromptBehavior: dismiss and notify, webauthn:extension:credBlob: true, webauthn:extension:largeBlob: true, webauthn:extension:minPinLength: true, webauthn:extension:prf: true, webauthn:virtualAuthenticators: true}
Session ID: e00b713bce3dbe90540417c12523b375
	at org.openqa.selenium.remote.service.DriverCommandExecutor.execute(DriverCommandExecutor.java:180) ~[selenium-remote-driver-4.27.0.jar:?]
	at org.openqa.selenium.remote.RemoteWebDriver.execute(RemoteWebDriver.java:545) ~[selenium-remote-driver-4.27.0.jar:?]
	at org.openqa.selenium.remote.RemoteWebDriver.execute(RemoteWebDriver.java:618) ~[selenium-remote-driver-4.27.0.jar:?]
	at org.openqa.selenium.remote.RemoteWebDriver.execute(RemoteWebDriver.java:622) ~[selenium-remote-driver-4.27.0.jar:?]
	at org.openqa.selenium.remote.RemoteWebDriver.getScreenshotAs(RemoteWebDriver.java:334) ~[selenium-remote-driver-4.27.0.jar:?]
	at utils.ScreenshotUtils.takeScreenshotAsBase64(ScreenshotUtils.java:58) ~[classes/:?]
	at hooks.Hooks.afterScenario(Hooks.java:40) ~[classes/:?]
	at java.base/jdk.internal.reflect.NativeMethodAccessorImpl.invoke0(Native Method) ~[?:?]
	at java.base/jdk.internal.reflect.NativeMethodAccessorImpl.invoke(NativeMethodAccessorImpl.java:62) ~[?:?]
	at java.base/jdk.internal.reflect.DelegatingMethodAccessorImpl.invoke(DelegatingMethodAccessorImpl.java:43) ~[?:?]
	at java.base/java.lang.reflect.Method.invoke(Method.java:566) ~[?:?]
	at io.cucumber.java.Invoker.doInvoke(Invoker.java:66) ~[cucumber-java-7.20.1.jar:7.20.1]
	at io.cucumber.java.Invoker.invoke(Invoker.java:24) ~[cucumber-java-7.20.1.jar:7.20.1]
	at io.cucumber.java.AbstractGlueDefinition.invokeMethod(AbstractGlueDefinition.java:47) ~[cucumber-java-7.20.1.jar:7.20.1]
	at io.cucumber.java.JavaHookDefinition.execute(JavaHookDefinition.java:64) ~[cucumber-java-7.20.1.jar:7.20.1]
	at io.cucumber.core.runner.CoreHookDefinition.execute(CoreHookDefinition.java:47) ~[cucumber-core-7.20.1.jar:7.20.1]
	at io.cucumber.core.runner.HookDefinitionMatch.runStep(HookDefinitionMatch.java:21) ~[cucumber-core-7.20.1.jar:7.20.1]
	at io.cucumber.core.runner.ExecutionMode$1.execute(ExecutionMode.java:10) ~[cucumber-core-7.20.1.jar:7.20.1]
	at io.cucumber.core.runner.TestStep.executeStep(TestStep.java:81) ~[cucumber-core-7.20.1.jar:7.20.1]
	at io.cucumber.core.runner.TestStep.run(TestStep.java:53) ~[cucumber-core-7.20.1.jar:7.20.1]
	at io.cucumber.core.runner.TestCase.run(TestCase.java:90) ~[cucumber-core-7.20.1.jar:7.20.1]
	at io.cucumber.core.runner.Runner.runPickle(Runner.java:75) ~[cucumber-core-7.20.1.jar:7.20.1]
	at io.cucumber.core.runtime.Runtime.lambda$executePickle$6(Runtime.java:107) ~[cucumber-core-7.20.1.jar:7.20.1]
	at io.cucumber.core.runtime.CucumberExecutionContext.lambda$runTestCase$5(CucumberExecutionContext.java:136) ~[cucumber-core-7.20.1.jar:7.20.1]
	at io.cucumber.core.runtime.RethrowingThrowableCollector.executeAndThrow(RethrowingThrowableCollector.java:23) ~[cucumber-core-7.20.1.jar:7.20.1]
	at io.cucumber.core.runtime.CucumberExecutionContext.runTestCase(CucumberExecutionContext.java:136) ~[cucumber-core-7.20.1.jar:7.20.1]
	at io.cucumber.core.runtime.Runtime.lambda$executePickle$7(Runtime.java:107) ~[cucumber-core-7.20.1.jar:7.20.1]
	at java.base/java.util.concurrent.Executors$RunnableAdapter.call(Executors.java:515) ~[?:?]
	at java.base/java.util.concurrent.FutureTask.run(FutureTask.java:264) ~[?:?]
	at io.cucumber.core.runtime.Runtime$SameThreadExecutorService.execute(Runtime.java:235) ~[cucumber-core-7.20.1.jar:7.20.1]
	at java.base/java.util.concurrent.AbstractExecutorService.submit(AbstractExecutorService.java:118) ~[?:?]
	at io.cucumber.core.runtime.Runtime.lambda$runFeatures$3(Runtime.java:89) ~[cucumber-core-7.20.1.jar:7.20.1]
	at java.base/java.util.stream.ReferencePipeline$3$1.accept(ReferencePipeline.java:195) ~[?:?]
	at java.base/java.util.stream.SliceOps$1$1.accept(SliceOps.java:199) ~[?:?]
	at java.base/java.util.ArrayList$ArrayListSpliterator.tryAdvance(ArrayList.java:1632) ~[?:?]
	at java.base/java.util.stream.ReferencePipeline.forEachWithCancel(ReferencePipeline.java:127) ~[?:?]
	at java.base/java.util.stream.AbstractPipeline.copyIntoWithCancel(AbstractPipeline.java:502) ~[?:?]
	at java.base/java.util.stream.AbstractPipeline.copyInto(AbstractPipeline.java:488) ~[?:?]
	at java.base/java.util.stream.AbstractPipeline.wrapAndCopyInto(AbstractPipeline.java:474) ~[?:?]
	at java.base/java.util.stream.ReduceOps$ReduceOp.evaluateSequential(ReduceOps.java:913) ~[?:?]
	at java.base/java.util.stream.AbstractPipeline.evaluate(AbstractPipeline.java:234) ~[?:?]
	at java.base/java.util.stream.ReferencePipeline.collect(ReferencePipeline.java:578) ~[?:?]
	at io.cucumber.core.runtime.Runtime.runFeatures(Runtime.java:90) ~[cucumber-core-7.20.1.jar:7.20.1]
	at io.cucumber.core.runtime.Runtime.lambda$run$0(Runtime.java:78) ~[cucumber-core-7.20.1.jar:7.20.1]
	at io.cucumber.core.runtime.CucumberExecutionContext.lambda$runFeatures$6(CucumberExecutionContext.java:147) ~[cucumber-core-7.20.1.jar:7.20.1]
	at io.cucumber.core.runtime.CucumberExecutionContext.execute(CucumberExecutionContext.java:162) [cucumber-core-7.20.1.jar:7.20.1]
	at io.cucumber.core.runtime.CucumberExecutionContext.runFeatures(CucumberExecutionContext.java:145) [cucumber-core-7.20.1.jar:7.20.1]
	at io.cucumber.core.runtime.Runtime.run(Runtime.java:78) [cucumber-core-7.20.1.jar:7.20.1]
	at io.cucumber.core.cli.Main.run(Main.java:87) [cucumber-core-7.20.1.jar:7.20.1]
	at io.cucumber.core.cli.Main.main(Main.java:30) [cucumber-core-7.20.1.jar:7.20.1]
Caused by: java.io.UncheckedIOException: java.net.ConnectException: Connection refused
	at org.openqa.selenium.remote.http.jdk.JdkHttpClient.execute0(JdkHttpClient.java:496) ~[selenium-http-4.27.0.jar:?]
	at org.openqa.selenium.remote.http.AddSeleniumUserAgent.lambda$apply$0(AddSeleniumUserAgent.java:42) ~[selenium-http-4.27.0.jar:?]
	at org.openqa.selenium.remote.http.Filter.lambda$andFinally$1(Filter.java:55) ~[selenium-http-4.27.0.jar:?]
	at org.openqa.selenium.remote.http.jdk.JdkHttpClient.lambda$executeAsync$1(JdkHttpClient.java:383) ~[selenium-http-4.27.0.jar:?]
	at java.base/java.util.concurrent.Executors$RunnableAdapter.call(Executors.java:515) ~[?:?]
	at java.base/java.util.concurrent.FutureTask.run(FutureTask.java:264) ~[?:?]
	at java.base/java.util.concurrent.ThreadPoolExecutor.runWorker(ThreadPoolExecutor.java:1128) ~[?:?]
	at java.base/java.util.concurrent.ThreadPoolExecutor$Worker.run(ThreadPoolExecutor.java:628) ~[?:?]
	at java.base/java.lang.Thread.run(Thread.java:834) ~[?:?]
Caused by: java.net.ConnectException: Connection refused
	at java.net.http/jdk.internal.net.http.HttpClientImpl.send(HttpClientImpl.java:561) ~[java.net.http:?]
	at java.net.http/jdk.internal.net.http.HttpClientFacade.send(HttpClientFacade.java:119) ~[java.net.http:?]
	at org.openqa.selenium.remote.http.jdk.JdkHttpClient.execute0(JdkHttpClient.java:455) ~[selenium-http-4.27.0.jar:?]
	at org.openqa.selenium.remote.http.AddSeleniumUserAgent.lambda$apply$0(AddSeleniumUserAgent.java:42) ~[selenium-http-4.27.0.jar:?]
	at org.openqa.selenium.remote.http.Filter.lambda$andFinally$1(Filter.java:55) ~[selenium-http-4.27.0.jar:?]
	at org.openqa.selenium.remote.http.jdk.JdkHttpClient.lambda$executeAsync$1(JdkHttpClient.java:383) ~[selenium-http-4.27.0.jar:?]
	at java.base/java.util.concurrent.Executors$RunnableAdapter.call(Executors.java:515) ~[?:?]
	at java.base/java.util.concurrent.FutureTask.run(FutureTask.java:264) ~[?:?]
	at java.base/java.util.concurrent.ThreadPoolExecutor.runWorker(ThreadPoolExecutor.java:1128) ~[?:?]
	at java.base/java.util.concurrent.ThreadPoolExecutor$Worker.run(ThreadPoolExecutor.java:628) ~[?:?]
	at java.base/java.lang.Thread.run(Thread.java:834) ~[?:?]
Caused by: java.net.ConnectException: Connection refused
	at java.base/sun.nio.ch.SocketChannelImpl.checkConnect(Native Method) ~[?:?]
	at java.base/sun.nio.ch.SocketChannelImpl.finishConnect(SocketChannelImpl.java:779) ~[?:?]
	at java.net.http/jdk.internal.net.http.PlainHttpConnection$ConnectEvent.handle(PlainHttpConnection.java:128) ~[java.net.http:?]
	at java.net.http/jdk.internal.net.http.HttpClientImpl$SelectorManager.handleEvent(HttpClientImpl.java:957) ~[java.net.http:?]
	at java.net.http/jdk.internal.net.http.HttpClientImpl$SelectorManager.lambda$run$3(HttpClientImpl.java:912) ~[java.net.http:?]
	at java.base/java.util.ArrayList.forEach(ArrayList.java:1541) ~[?:?]
	at java.net.http/jdk.internal.net.http.HttpClientImpl$SelectorManager.run(HttpClientImpl.java:912) ~[java.net.http:?]
2025-10-03 11:15:23 [main] INFO  utils.Log - Tearing down the browser...
2025-10-03 11:15:24 [main] INFO  utils.Log - Initializing browser setup...
2025-10-03 11:15:24 [main] INFO  utils.Log - ====================== STARTING SCENARIO ======================
2025-10-03 11:15:24 [main] INFO  utils.Log - Scenario: Validate each section title after clicking sidebar links
2025-10-03 11:15:24 [main] INFO  utils.Log - Tags: @UI, @Testcase002
2025-10-03 11:15:24 [main] INFO  utils.Log - ===============================================================
2025-10-03 11:15:24 [main] ERROR utils.Log - Scenario failed: Validate each section title after clicking sidebar links
2025-10-03 11:15:24 [main] ERROR utils.Log - Failed to capture Base64 screenshot.
org.openqa.selenium.NoSuchSessionException: Session ID is null. Using WebDriver after calling quit()?
Build info: version: '4.27.0', revision: 'd6e718d134'
System info: os.name: 'Mac OS X', os.arch: 'aarch64', os.version: '26.0.1', java.version: '11.0.23'
Driver info: org.openqa.selenium.chrome.ChromeDriver
Command: [null, screenshot {}]
Capabilities {acceptInsecureCerts: false, browserName: chrome, browserVersion: 140.0.7339.214, chrome: {chromedriverVersion: 140.0.7339.207 (17230b545fd..., userDataDir: /var/folders/q8/8nb85nm55zv...}, fedcm:accounts: true, goog:chromeOptions: {debuggerAddress: localhost:49739}, networkConnectionEnabled: false, pageLoadStrategy: normal, platformName: mac, proxy: Proxy(), se:cdp: ws://localhost:49739/devtoo..., se:cdpVersion: 140.0.7339.214, setWindowRect: true, strictFileInteractability: false, timeouts: {implicit: 0, pageLoad: 300000, script: 30000}, unhandledPromptBehavior: dismiss and notify, webauthn:extension:credBlob: true, webauthn:extension:largeBlob: true, webauthn:extension:minPinLength: true, webauthn:extension:prf: true, webauthn:virtualAuthenticators: true}
	at org.openqa.selenium.remote.HttpCommandExecutor.execute(HttpCommandExecutor.java:151) ~[selenium-remote-driver-4.27.0.jar:?]
	at org.openqa.selenium.remote.service.DriverCommandExecutor.invokeExecute(DriverCommandExecutor.java:216) ~[selenium-remote-driver-4.27.0.jar:?]
	at org.openqa.selenium.remote.service.DriverCommandExecutor.execute(DriverCommandExecutor.java:174) ~[selenium-remote-driver-4.27.0.jar:?]
	at org.openqa.selenium.remote.RemoteWebDriver.execute(RemoteWebDriver.java:545) ~[selenium-remote-driver-4.27.0.jar:?]
	at org.openqa.selenium.remote.RemoteWebDriver.execute(RemoteWebDriver.java:618) ~[selenium-remote-driver-4.27.0.jar:?]
	at org.openqa.selenium.remote.RemoteWebDriver.execute(RemoteWebDriver.java:622) ~[selenium-remote-driver-4.27.0.jar:?]
	at org.openqa.selenium.remote.RemoteWebDriver.getScreenshotAs(RemoteWebDriver.java:334) ~[selenium-remote-driver-4.27.0.jar:?]
	at utils.ScreenshotUtils.takeScreenshotAsBase64(ScreenshotUtils.java:58) ~[classes/:?]
	at hooks.Hooks.afterScenario(Hooks.java:40) ~[classes/:?]
	at java.base/jdk.internal.reflect.NativeMethodAccessorImpl.invoke0(Native Method) ~[?:?]
	at java.base/jdk.internal.reflect.NativeMethodAccessorImpl.invoke(NativeMethodAccessorImpl.java:62) ~[?:?]
	at java.base/jdk.internal.reflect.DelegatingMethodAccessorImpl.invoke(DelegatingMethodAccessorImpl.java:43) ~[?:?]
	at java.base/java.lang.reflect.Method.invoke(Method.java:566) ~[?:?]
	at io.cucumber.java.Invoker.doInvoke(Invoker.java:66) ~[cucumber-java-7.20.1.jar:7.20.1]
	at io.cucumber.java.Invoker.invoke(Invoker.java:24) ~[cucumber-java-7.20.1.jar:7.20.1]
	at io.cucumber.java.AbstractGlueDefinition.invokeMethod(AbstractGlueDefinition.java:47) ~[cucumber-java-7.20.1.jar:7.20.1]
	at io.cucumber.java.JavaHookDefinition.execute(JavaHookDefinition.java:64) ~[cucumber-java-7.20.1.jar:7.20.1]
	at io.cucumber.core.runner.CoreHookDefinition.execute(CoreHookDefinition.java:47) ~[cucumber-core-7.20.1.jar:7.20.1]
	at io.cucumber.core.runner.HookDefinitionMatch.runStep(HookDefinitionMatch.java:21) ~[cucumber-core-7.20.1.jar:7.20.1]
	at io.cucumber.core.runner.ExecutionMode$1.execute(ExecutionMode.java:10) ~[cucumber-core-7.20.1.jar:7.20.1]
	at io.cucumber.core.runner.TestStep.executeStep(TestStep.java:81) ~[cucumber-core-7.20.1.jar:7.20.1]
	at io.cucumber.core.runner.TestStep.run(TestStep.java:53) ~[cucumber-core-7.20.1.jar:7.20.1]
	at io.cucumber.core.runner.TestCase.run(TestCase.java:90) ~[cucumber-core-7.20.1.jar:7.20.1]
	at io.cucumber.core.runner.Runner.runPickle(Runner.java:75) ~[cucumber-core-7.20.1.jar:7.20.1]
	at io.cucumber.core.runtime.Runtime.lambda$executePickle$6(Runtime.java:107) ~[cucumber-core-7.20.1.jar:7.20.1]
	at io.cucumber.core.runtime.CucumberExecutionContext.lambda$runTestCase$5(CucumberExecutionContext.java:136) ~[cucumber-core-7.20.1.jar:7.20.1]
	at io.cucumber.core.runtime.RethrowingThrowableCollector.executeAndThrow(RethrowingThrowableCollector.java:23) ~[cucumber-core-7.20.1.jar:7.20.1]
	at io.cucumber.core.runtime.CucumberExecutionContext.runTestCase(CucumberExecutionContext.java:136) ~[cucumber-core-7.20.1.jar:7.20.1]
	at io.cucumber.core.runtime.Runtime.lambda$executePickle$7(Runtime.java:107) ~[cucumber-core-7.20.1.jar:7.20.1]
	at java.base/java.util.concurrent.Executors$RunnableAdapter.call(Executors.java:515) ~[?:?]
	at java.base/java.util.concurrent.FutureTask.run(FutureTask.java:264) ~[?:?]
	at io.cucumber.core.runtime.Runtime$SameThreadExecutorService.execute(Runtime.java:235) ~[cucumber-core-7.20.1.jar:7.20.1]
	at java.base/java.util.concurrent.AbstractExecutorService.submit(AbstractExecutorService.java:118) ~[?:?]
	at io.cucumber.core.runtime.Runtime.lambda$runFeatures$3(Runtime.java:89) ~[cucumber-core-7.20.1.jar:7.20.1]
	at java.base/java.util.stream.ReferencePipeline$3$1.accept(ReferencePipeline.java:195) ~[?:?]
	at java.base/java.util.stream.SliceOps$1$1.accept(SliceOps.java:199) ~[?:?]
	at java.base/java.util.ArrayList$ArrayListSpliterator.tryAdvance(ArrayList.java:1632) ~[?:?]
	at java.base/java.util.stream.ReferencePipeline.forEachWithCancel(ReferencePipeline.java:127) ~[?:?]
	at java.base/java.util.stream.AbstractPipeline.copyIntoWithCancel(AbstractPipeline.java:502) ~[?:?]
	at java.base/java.util.stream.AbstractPipeline.copyInto(AbstractPipeline.java:488) ~[?:?]
	at java.base/java.util.stream.AbstractPipeline.wrapAndCopyInto(AbstractPipeline.java:474) ~[?:?]
	at java.base/java.util.stream.ReduceOps$ReduceOp.evaluateSequential(ReduceOps.java:913) ~[?:?]
	at java.base/java.util.stream.AbstractPipeline.evaluate(AbstractPipeline.java:234) ~[?:?]
	at java.base/java.util.stream.ReferencePipeline.collect(ReferencePipeline.java:578) ~[?:?]
	at io.cucumber.core.runtime.Runtime.runFeatures(Runtime.java:90) ~[cucumber-core-7.20.1.jar:7.20.1]
	at io.cucumber.core.runtime.Runtime.lambda$run$0(Runtime.java:78) ~[cucumber-core-7.20.1.jar:7.20.1]
	at io.cucumber.core.runtime.CucumberExecutionContext.lambda$runFeatures$6(CucumberExecutionContext.java:147) ~[cucumber-core-7.20.1.jar:7.20.1]
	at io.cucumber.core.runtime.CucumberExecutionContext.execute(CucumberExecutionContext.java:162) [cucumber-core-7.20.1.jar:7.20.1]
	at io.cucumber.core.runtime.CucumberExecutionContext.runFeatures(CucumberExecutionContext.java:145) [cucumber-core-7.20.1.jar:7.20.1]
	at io.cucumber.core.runtime.Runtime.run(Runtime.java:78) [cucumber-core-7.20.1.jar:7.20.1]
	at io.cucumber.core.cli.Main.run(Main.java:87) [cucumber-core-7.20.1.jar:7.20.1]
	at io.cucumber.core.cli.Main.main(Main.java:30) [cucumber-core-7.20.1.jar:7.20.1]
2025-10-03 11:15:24 [main] INFO  utils.Log - Tearing down the browser...
2025-10-03 11:15:24 [main] INFO  utils.Log - Browser teardown completed.
2025-10-03 11:15:24 [main] INFO  utils.Log - Initializing browser setup...
2025-10-03 11:15:24 [main] INFO  utils.Log - Launching Chrome browser...
2025-10-03 11:15:25 [main] INFO  utils.Log - Navigating to: https://seleniums.com/
2025-10-03 11:15:26 [main] INFO  utils.Log - Browser setup completed.
2025-10-03 11:15:26 [main] INFO  utils.Log - ====================== STARTING SCENARIO ======================
2025-10-03 11:15:26 [main] INFO  utils.Log - Scenario: Validate each section title after clicking sidebar links
2025-10-03 11:15:26 [main] INFO  utils.Log - Tags: @UI, @Testcase002
2025-10-03 11:15:26 [main] INFO  utils.Log - ===============================================================
2025-10-03 11:15:27 [main] INFO  utils.Log - Verified that the My Notes Tab is visible.
2025-10-03 11:15:29 [main] ERROR utils.Log - Scenario failed: Validate each section title after clicking sidebar links
2025-10-03 11:15:30 [main] INFO  utils.Log - Screenshot captured as Base64.
2025-10-03 11:15:30 [main] INFO  utils.Log - ====================== ENDING SCENARIO ======================
2025-10-03 11:15:30 [main] INFO  utils.Log - Scenario Status: FAILED
2025-10-03 11:15:30 [main] INFO  utils.Log - =============================================================
2025-10-03 11:15:30 [main] INFO  utils.Log - Tearing down the browser...
2025-10-03 11:15:30 [main] INFO  utils.Log - Browser teardown completed.
2025-10-03 11:15:30 [main] INFO  utils.Log - Initializing browser setup...
2025-10-03 11:15:30 [main] INFO  utils.Log - Launching Chrome browser...
2025-10-03 11:15:31 [main] INFO  utils.Log - Navigating to: https://seleniums.com/
2025-10-03 11:15:32 [main] INFO  utils.Log - Browser setup completed.
2025-10-03 11:15:32 [main] INFO  utils.Log - ====================== STARTING SCENARIO ======================
2025-10-03 11:15:32 [main] INFO  utils.Log - Scenario: Validate each section title after clicking sidebar links
2025-10-03 11:15:32 [main] INFO  utils.Log - Tags: @UI, @Testcase002
2025-10-03 11:15:32 [main] INFO  utils.Log - ===============================================================
2025-10-03 11:15:33 [main] INFO  utils.Log - Verified that the My Notes Tab is visible.
2025-10-03 11:15:35 [main] ERROR utils.Log - Scenario failed: Validate each section title after clicking sidebar links
2025-10-03 11:15:36 [main] INFO  utils.Log - Screenshot captured as Base64.
2025-10-03 11:15:36 [main] INFO  utils.Log - ====================== ENDING SCENARIO ======================
2025-10-03 11:15:36 [main] INFO  utils.Log - Scenario Status: FAILED
2025-10-03 11:15:36 [main] INFO  utils.Log - =============================================================
2025-10-03 11:15:36 [main] INFO  utils.Log - Tearing down the browser...
2025-10-03 11:15:36 [main] INFO  utils.Log - Browser teardown completed.
2025-10-03 11:15:36 [main] INFO  utils.Log - Initializing browser setup...
2025-10-03 11:15:36 [main] INFO  utils.Log - Launching Chrome browser...
2025-10-03 11:15:37 [main] INFO  utils.Log - Navigating to: https://seleniums.com/
2025-10-03 11:15:38 [main] INFO  utils.Log - Browser setup completed.
2025-10-03 11:15:38 [main] INFO  utils.Log - ====================== STARTING SCENARIO ======================
2025-10-03 11:15:38 [main] INFO  utils.Log - Scenario: Validate each section title after clicking sidebar links
2025-10-03 11:15:38 [main] INFO  utils.Log - Tags: @UI, @Testcase002
2025-10-03 11:15:38 [main] INFO  utils.Log - ===============================================================
